# JRE version: OpenJDK Runtime Environment Temurin-21.0.10+7 (21.0.10+7) (build 21.0.10+7-LTS)
# Java VM: OpenJDK 64-Bit Server VM Temurin-21.0.10+7 (21.0.10+7-LTS, mixed mode, sharing, tiered, compressed oops, compressed class ptrs, parallel gc, windows-amd64)
GC Precious Log:
 CardTable entry size: 512
 CPUs: 12 total, 12 available
 Memory: 7518M
 Large Page Support: Disabled
 NUMA Support: Disabled
 Compressed Oops: Enabled (32-bit)
 Alignments: Space 512K, Generation 512K, Heap 2M
 Heap Min Capacity: 100M
 Heap Initial Capacity: 100M
 Heap Max Capacity: 2G
 Pre-touch: Disabled
 Parallel Workers: 10
Heap:
 PSYoungGen      total 20480K, used 20103K [0x00000000d5580000, 0x00000000d6e80000, 0x0000000100000000)
  eden space 15360K, 100% used [0x00000000d5580000,0x00000000d6480000,0x00000000d6480000)
  from space 5120K, 92% used [0x00000000d6980000,0x00000000d6e21eb8,0x00000000d6e80000)
  to   space 5120K, 82% used [0x00000000d6480000,0x00000000d689bda8,0x00000000d6980000)
 ParOldGen       total 350720K, used 350329K [0x0000000080000000, 0x0000000095680000, 0x00000000d5580000)
  object space 350720K, 99% used [0x0000000080000000,0x000000009561e660,0x0000000095680000)
 Metaspace       used 61739K, committed 63232K, reserved 1114112K
  class space    used 6452K, committed 7104K, reserved 1048576K
GC Heap History (20 events):
Event: 8.253 GC heap after
{Heap after GC invocations=227 (full 3):
 PSYoungGen      total 14336K, used 3513K [0x00000000d5580000, 0x00000000d6780000, 0x0000000100000000)
  eden space 10752K, 0% used [0x00000000d5580000,0x00000000d5580000,0x00000000d6000000)
  from space 3584K, 98% used [0x00000000d6380000,0x00000000d66ee470,0x00000000d6700000)
  to   space 3584K, 0% used [0x00000000d6000000,0x00000000d6000000,0x00000000d6380000)
 ParOldGen       total 317440K, used 317169K [0x0000000080000000, 0x0000000093600000, 0x00000000d5580000)
  object space 317440K, 99% used [0x0000000080000000,0x00000000935bc6a8,0x0000000093600000)
 Metaspace       used 60911K, committed 62336K, reserved 1114112K
  class space    used 6401K, committed 7040K, reserved 1048576K
}
Event: 8.261 GC heap before
{Heap before GC invocations=228 (full 3):
 PSYoungGen      total 14336K, used 14265K [0x00000000d5580000, 0x00000000d6780000, 0x0000000100000000)
  eden space 10752K, 100% used [0x00000000d5580000,0x00000000d6000000,0x00000000d6000000)
  from space 3584K, 98% used [0x00000000d6380000,0x00000000d66ee470,0x00000000d6700000)
  to   space 3584K, 0% used [0x00000000d6000000,0x00000000d6000000,0x00000000d6380000)
 ParOldGen       total 317440K, used 317169K [0x0000000080000000, 0x0000000093600000, 0x00000000d5580000)
  object space 317440K, 99% used [0x0000000080000000,0x00000000935bc6a8,0x0000000093600000)
 Metaspace       used 60918K, committed 62400K, reserved 1114112K
  class space    used 6401K, committed 7040K, reserved 1048576K
}
Event: 8.263 GC heap after
{Heap after GC invocations=228 (full 3):
 PSYoungGen      total 14336K, used 3570K [0x00000000d5580000, 0x00000000d7380000, 0x0000000100000000)
  eden space 10752K, 0% used [0x00000000d5580000,0x00000000d5580000,0x00000000d6000000)
  from space 3584K, 99% used [0x00000000d6000000,0x00000000d637ca10,0x00000000d6380000)
  to   space 8704K, 0% used [0x00000000d6b00000,0x00000000d6b00000,0x00000000d7380000)
 ParOldGen       total 321536K, used 321229K [0x0000000080000000, 0x0000000093a00000, 0x00000000d5580000)
  object space 321536K, 99% used [0x0000000080000000,0x00000000939b3498,0x0000000093a00000)
 Metaspace       used 60918K, committed 62400K, reserved 1114112K
  class space    used 6401K, committed 7040K, reserved 1048576K
}
Event: 8.275 GC heap before
{Heap before GC invocations=229 (full 3):
 PSYoungGen      total 14336K, used 14322K [0x00000000d5580000, 0x00000000d7380000, 0x0000000100000000)
  eden space 10752K, 100% used [0x00000000d5580000,0x00000000d6000000,0x00000000d6000000)
  from space 3584K, 99% used [0x00000000d6000000,0x00000000d637ca10,0x00000000d6380000)
  to   space 8704K, 0% used [0x00000000d6b00000,0x00000000d6b00000,0x00000000d7380000)
 ParOldGen       total 321536K, used 321229K [0x0000000080000000, 0x0000000093a00000, 0x00000000d5580000)
  object space 321536K, 99% used [0x0000000080000000,0x00000000939b3498,0x0000000093a00000)
 Metaspace       used 60923K, committed 62400K, reserved 1114112K
  class space    used 6401K, committed 7040K, reserved 1048576K
}
Event: 8.279 GC heap after
{Heap after GC invocations=229 (full 3):
 PSYoungGen      total 17920K, used 4279K [0x00000000d5580000, 0x00000000d6f80000, 0x0000000100000000)
  eden space 13312K, 0% used [0x00000000d5580000,0x00000000d5580000,0x00000000d6280000)
  from space 4608K, 92% used [0x00000000d6b00000,0x00000000d6f2dc40,0x00000000d6f80000)
  to   space 5632K, 0% used [0x00000000d6480000,0x00000000d6480000,0x00000000d6a00000)
 ParOldGen       total 324608K, used 324354K [0x0000000080000000, 0x0000000093d00000, 0x00000000d5580000)
  object space 324608K, 99% used [0x0000000080000000,0x0000000093cc0b60,0x0000000093d00000)
 Metaspace       used 60923K, committed 62400K, reserved 1114112K
  class space    used 6401K, committed 7040K, reserved 1048576K
}
Event: 8.291 GC heap before
{Heap before GC invocations=230 (full 3):
 PSYoungGen      total 17920K, used 17591K [0x00000000d5580000, 0x00000000d6f80000, 0x0000000100000000)
  eden space 13312K, 100% used [0x00000000d5580000,0x00000000d6280000,0x00000000d6280000)
  from space 4608K, 92% used [0x00000000d6b00000,0x00000000d6f2dc40,0x00000000d6f80000)
  to   space 5632K, 0% used [0x00000000d6480000,0x00000000d6480000,0x00000000d6a00000)
 ParOldGen       total 324608K, used 324354K [0x0000000080000000, 0x0000000093d00000, 0x00000000d5580000)
  object space 324608K, 99% used [0x0000000080000000,0x0000000093cc0b60,0x0000000093d00000)
 Metaspace       used 60932K, committed 62400K, reserved 1114112K
  class space    used 6401K, committed 7040K, reserved 1048576K
}
Event: 8.295 GC heap after
{Heap after GC invocations=230 (full 3):
 PSYoungGen      total 20992K, used 4737K [0x00000000d5580000, 0x00000000d6f80000, 0x0000000100000000)
  eden space 15360K, 0% used [0x00000000d5580000,0x00000000d5580000,0x00000000d6480000)
  from space 5632K, 84% used [0x00000000d6480000,0x00000000d69206b0,0x00000000d6a00000)
  to   space 5120K, 0% used [0x00000000d6a80000,0x00000000d6a80000,0x00000000d6f80000)
 ParOldGen       total 328704K, used 328472K [0x0000000080000000, 0x0000000094100000, 0x00000000d5580000)
  object space 328704K, 99% used [0x0000000080000000,0x00000000940c6368,0x0000000094100000)
 Metaspace       used 60932K, committed 62400K, reserved 1114112K
  class space    used 6401K, committed 7040K, reserved 1048576K
}
Event: 8.399 GC heap before
{Heap before GC invocations=231 (full 3):
 PSYoungGen      total 20992K, used 20097K [0x00000000d5580000, 0x00000000d6f80000, 0x0000000100000000)
  eden space 15360K, 100% used [0x00000000d5580000,0x00000000d6480000,0x00000000d6480000)
  from space 5632K, 84% used [0x00000000d6480000,0x00000000d69206b0,0x00000000d6a00000)
  to   space 5120K, 0% used [0x00000000d6a80000,0x00000000d6a80000,0x00000000d6f80000)
 ParOldGen       total 328704K, used 328472K [0x0000000080000000, 0x0000000094100000, 0x00000000d5580000)
  object space 328704K, 99% used [0x0000000080000000,0x00000000940c6368,0x0000000094100000)
 Metaspace       used 61018K, committed 62528K, reserved 1114112K
  class space    used 6401K, committed 7040K, reserved 1048576K
}
Event: 8.402 GC heap after
{Heap after GC invocations=231 (full 3):
 PSYoungGen      total 17408K, used 1826K [0x00000000d5580000, 0x00000000d6c80000, 0x0000000100000000)
  eden space 15360K, 0% used [0x00000000d5580000,0x00000000d5580000,0x00000000d6480000)
  from space 2048K, 89% used [0x00000000d6a80000,0x00000000d6c48a58,0x00000000d6c80000)
  to   space 3072K, 0% used [0x00000000d6680000,0x00000000d6680000,0x00000000d6980000)
 ParOldGen       total 333312K, used 332829K [0x0000000080000000, 0x0000000094580000, 0x00000000d5580000)
  object space 333312K, 99% used [0x0000000080000000,0x0000000094507420,0x0000000094580000)
 Metaspace       used 61018K, committed 62528K, reserved 1114112K
  class space    used 6401K, committed 7040K, reserved 1048576K
}
Event: 8.480 GC heap before
{Heap before GC invocations=232 (full 3):
 PSYoungGen      total 17408K, used 17186K [0x00000000d5580000, 0x00000000d6c80000, 0x0000000100000000)
  eden space 15360K, 100% used [0x00000000d5580000,0x00000000d6480000,0x00000000d6480000)
  from space 2048K, 89% used [0x00000000d6a80000,0x00000000d6c48a58,0x00000000d6c80000)
  to   space 3072K, 0% used [0x00000000d6680000,0x00000000d6680000,0x00000000d6980000)
 ParOldGen       total 333312K, used 332829K [0x0000000080000000, 0x0000000094580000, 0x00000000d5580000)
  object space 333312K, 99% used [0x0000000080000000,0x0000000094507420,0x0000000094580000)
 Metaspace       used 61078K, committed 62528K, reserved 1114112K
  class space    used 6402K, committed 7040K, reserved 1048576K
}
Event: 8.483 GC heap after
{Heap after GC invocations=232 (full 3):
 PSYoungGen      total 18432K, used 3067K [0x00000000d5580000, 0x00000000d7180000, 0x0000000100000000)
  eden space 15360K, 0% used [0x00000000d5580000,0x00000000d5580000,0x00000000d6480000)
  from space 3072K, 99% used [0x00000000d6680000,0x00000000d697ec00,0x00000000d6980000)
  to   space 6656K, 0% used [0x00000000d6b00000,0x00000000d6b00000,0x00000000d7180000)
 ParOldGen       total 335872K, used 335656K [0x0000000080000000, 0x0000000094800000, 0x00000000d5580000)
  object space 335872K, 99% used [0x0000000080000000,0x00000000947ca1e8,0x0000000094800000)
 Metaspace       used 61078K, committed 62528K, reserved 1114112K
  class space    used 6402K, committed 7040K, reserved 1048576K
}
Event: 8.571 GC heap before
{Heap before GC invocations=233 (full 3):
 PSYoungGen      total 18432K, used 18427K [0x00000000d5580000, 0x00000000d7180000, 0x0000000100000000)
  eden space 15360K, 100% used [0x00000000d5580000,0x00000000d6480000,0x00000000d6480000)
  from space 3072K, 99% used [0x00000000d6680000,0x00000000d697ec00,0x00000000d6980000)
  to   space 6656K, 0% used [0x00000000d6b00000,0x00000000d6b00000,0x00000000d7180000)
 ParOldGen       total 335872K, used 335656K [0x0000000080000000, 0x0000000094800000, 0x00000000d5580000)
  object space 335872K, 99% used [0x0000000080000000,0x00000000947ca1e8,0x0000000094800000)
 Metaspace       used 61271K, committed 62720K, reserved 1114112K
  class space    used 6417K, committed 7040K, reserved 1048576K
}
Event: 8.575 GC heap after
{Heap after GC invocations=233 (full 3):
 PSYoungGen      total 21504K, used 5673K [0x00000000d5580000, 0x00000000d7100000, 0x0000000100000000)
  eden space 15360K, 0% used [0x00000000d5580000,0x00000000d5580000,0x00000000d6480000)
  from space 6144K, 92% used [0x00000000d6b00000,0x00000000d708a770,0x00000000d7100000)
  to   space 6144K, 0% used [0x00000000d6500000,0x00000000d6500000,0x00000000d6b00000)
 ParOldGen       total 337920K, used 337574K [0x0000000080000000, 0x0000000094a00000, 0x00000000d5580000)
  object space 337920K, 99% used [0x0000000080000000,0x00000000949a98d0,0x0000000094a00000)
 Metaspace       used 61271K, committed 62720K, reserved 1114112K
  class space    used 6417K, committed 7040K, reserved 1048576K
}
Event: 8.624 GC heap before
{Heap before GC invocations=234 (full 3):
 PSYoungGen      total 21504K, used 21033K [0x00000000d5580000, 0x00000000d7100000, 0x0000000100000000)
  eden space 15360K, 100% used [0x00000000d5580000,0x00000000d6480000,0x00000000d6480000)
  from space 6144K, 92% used [0x00000000d6b00000,0x00000000d708a770,0x00000000d7100000)
  to   space 6144K, 0% used [0x00000000d6500000,0x00000000d6500000,0x00000000d6b00000)
 ParOldGen       total 337920K, used 337574K [0x0000000080000000, 0x0000000094a00000, 0x00000000d5580000)
  object space 337920K, 99% used [0x0000000080000000,0x00000000949a98d0,0x0000000094a00000)
 Metaspace       used 61524K, committed 62976K, reserved 1114112K
  class space    used 6451K, committed 7104K, reserved 1048576K
}
Event: 8.632 GC heap after
{Heap after GC invocations=234 (full 3):
 PSYoungGen      total 19456K, used 3975K [0x00000000d5580000, 0x00000000d6e80000, 0x0000000100000000)
  eden space 15360K, 0% used [0x00000000d5580000,0x00000000d5580000,0x00000000d6480000)
  from space 4096K, 97% used [0x00000000d6500000,0x00000000d68e1fa0,0x00000000d6900000)
  to   space 5120K, 0% used [0x00000000d6980000,0x00000000d6980000,0x00000000d6e80000)
 ParOldGen       total 343040K, used 342771K [0x0000000080000000, 0x0000000094f00000, 0x00000000d5580000)
  object space 343040K, 99% used [0x0000000080000000,0x0000000094ebcc08,0x0000000094f00000)
 Metaspace       used 61524K, committed 62976K, reserved 1114112K
  class space    used 6451K, committed 7104K, reserved 1048576K
}
Event: 8.729 GC heap before
{Heap before GC invocations=235 (full 3):
 PSYoungGen      total 19456K, used 19335K [0x00000000d5580000, 0x00000000d6e80000, 0x0000000100000000)
  eden space 15360K, 100% used [0x00000000d5580000,0x00000000d6480000,0x00000000d6480000)
  from space 4096K, 97% used [0x00000000d6500000,0x00000000d68e1fa0,0x00000000d6900000)
  to   space 5120K, 0% used [0x00000000d6980000,0x00000000d6980000,0x00000000d6e80000)
 ParOldGen       total 343040K, used 342771K [0x0000000080000000, 0x0000000094f00000, 0x00000000d5580000)
  object space 343040K, 99% used [0x0000000080000000,0x0000000094ebcc08,0x0000000094f00000)
 Metaspace       used 61607K, committed 63104K, reserved 1114112K
  class space    used 6451K, committed 7104K, reserved 1048576K
}
Event: 8.733 GC heap after
{Heap after GC invocations=235 (full 3):
 PSYoungGen      total 20480K, used 4743K [0x00000000d5580000, 0x00000000d6e80000, 0x0000000100000000)
  eden space 15360K, 0% used [0x00000000d5580000,0x00000000d5580000,0x00000000d6480000)
  from space 5120K, 92% used [0x00000000d6980000,0x00000000d6e21eb8,0x00000000d6e80000)
  to   space 5120K, 0% used [0x00000000d6480000,0x00000000d6480000,0x00000000d6980000)
 ParOldGen       total 346624K, used 346520K [0x0000000080000000, 0x0000000095280000, 0x00000000d5580000)
  object space 346624K, 99% used [0x0000000080000000,0x0000000095266310,0x0000000095280000)
 Metaspace       used 61607K, committed 63104K, reserved 1114112K
  class space    used 6451K, committed 7104K, reserved 1048576K
}
Event: 8.806 GC heap before
{Heap before GC invocations=236 (full 3):
 PSYoungGen      total 20480K, used 20103K [0x00000000d5580000, 0x00000000d6e80000, 0x0000000100000000)
  eden space 15360K, 100% used [0x00000000d5580000,0x00000000d6480000,0x00000000d6480000)
  from space 5120K, 92% used [0x00000000d6980000,0x00000000d6e21eb8,0x00000000d6e80000)
  to   space 5120K, 0% used [0x00000000d6480000,0x00000000d6480000,0x00000000d6980000)
 ParOldGen       total 346624K, used 346520K [0x0000000080000000, 0x0000000095280000, 0x00000000d5580000)
  object space 346624K, 99% used [0x0000000080000000,0x0000000095266310,0x0000000095280000)
 Metaspace       used 61739K, committed 63232K, reserved 1114112K
  class space    used 6452K, committed 7104K, reserved 1048576K
}
Event: 8.814 GC heap after
{Heap after GC invocations=236 (full 3):
 PSYoungGen      total 20480K, used 20103K [0x00000000d5580000, 0x00000000d6e80000, 0x0000000100000000)
  eden space 15360K, 100% used [0x00000000d5580000,0x00000000d6480000,0x00000000d6480000)
  from space 5120K, 92% used [0x00000000d6980000,0x00000000d6e21eb8,0x00000000d6e80000)
  to   space 5120K, 82% used [0x00000000d6480000,0x00000000d689bda8,0x00000000d6980000)
 ParOldGen       total 350720K, used 350329K [0x0000000080000000, 0x0000000095680000, 0x00000000d5580000)
  object space 350720K, 99% used [0x0000000080000000,0x000000009561e660,0x0000000095680000)
 Metaspace       used 61739K, committed 63232K, reserved 1114112K
  class space    used 6452K, committed 7104K, reserved 1048576K
}
Event: 8.814 GC heap before
{Heap before GC invocations=237 (full 4):
 PSYoungGen      total 20480K, used 20103K [0x00000000d5580000, 0x00000000d6e80000, 0x0000000100000000)
  eden space 15360K, 100% used [0x00000000d5580000,0x00000000d6480000,0x00000000d6480000)
  from space 5120K, 92% used [0x00000000d6980000,0x00000000d6e21eb8,0x00000000d6e80000)
  to   space 5120K, 82% used [0x00000000d6480000,0x00000000d689bda8,0x00000000d6980000)
 ParOldGen       total 350720K, used 350329K [0x0000000080000000, 0x0000000095680000, 0x00000000d5580000)
  object space 350720K, 99% used [0x0000000080000000,0x000000009561e660,0x0000000095680000)
 Metaspace       used 61739K, committed 63232K, reserved 1114112K
  class space    used 6452K, committed 7104K, reserved 1048576K
}

