# JRE version: OpenJDK Runtime Environment Temurin-21.0.10+7 (21.0.10+7) (build 21.0.10+7-LTS)
# Java VM: OpenJDK 64-Bit Server VM Temurin-21.0.10+7 (21.0.10+7-LTS, mixed mode, sharing, tiered, compressed oops, compressed class ptrs, parallel gc, windows-amd64)
GC Precious Log:
 CardTable entry size: 512
 CPUs: 12 total, 12 available
 Memory: 7518M
 Large Page Support: Disabled
 NUMA Support: Disabled
 Compressed Oops: Enabled (32-bit)
 Alignments: Space 512K, Generation 512K, Heap 2M
 Heap Min Capacity: 100M
 Heap Initial Capacity: 100M
 Heap Max Capacity: 2G
 Pre-touch: Disabled
 Parallel Workers: 10
Heap:
 PSYoungGen      total 6656K, used 4988K [0x00000000d5580000, 0x00000000d5e00000, 0x0000000100000000)
  eden space 5632K, 77% used [0x00000000d5580000,0x00000000d59c3068,0x00000000d5b00000)
  from space 1024K, 60% used [0x00000000d5b00000,0x00000000d5b9c010,0x00000000d5c00000)
  to   space 1536K, 0% used [0x00000000d5c80000,0x00000000d5c80000,0x00000000d5e00000)
 ParOldGen       total 237056K, used 236948K [0x0000000080000000, 0x000000008e780000, 0x00000000d5580000)
  object space 237056K, 99% used [0x0000000080000000,0x000000008e765380,0x000000008e780000)
 Metaspace       used 72322K, committed 73856K, reserved 1179648K
  class space    used 7416K, committed 8128K, reserved 1048576K
GC Heap History (20 events):
Event: 3798.381 GC heap before
{Heap before GC invocations=245 (full 3):
 PSYoungGen      total 7680K, used 7524K [0x00000000d5580000, 0x00000000d5e80000, 0x0000000100000000)
  eden space 6144K, 100% used [0x00000000d5580000,0x00000000d5b80000,0x00000000d5b80000)
  from space 1536K, 89% used [0x00000000d5c00000,0x00000000d5d59148,0x00000000d5d80000)
  to   space 1024K, 0% used [0x00000000d5d80000,0x00000000d5d80000,0x00000000d5e80000)
 ParOldGen       total 228352K, used 227929K [0x0000000080000000, 0x000000008df00000, 0x00000000d5580000)
  object space 228352K, 99% used [0x0000000080000000,0x000000008de964a0,0x000000008df00000)
 Metaspace       used 72109K, committed 73728K, reserved 1179648K
  class space    used 7392K, committed 8128K, reserved 1048576K
}
Event: 3798.382 GC heap after
{Heap after GC invocations=245 (full 3):
 PSYoungGen      total 7168K, used 1018K [0x00000000d5580000, 0x00000000d5e80000, 0x0000000100000000)
  eden space 6144K, 0% used [0x00000000d5580000,0x00000000d5580000,0x00000000d5b80000)
  from space 1024K, 99% used [0x00000000d5d80000,0x00000000d5e7eb28,0x00000000d5e80000)
  to   space 1536K, 0% used [0x00000000d5b80000,0x00000000d5b80000,0x00000000d5d00000)
 ParOldGen       total 228864K, used 228352K [0x0000000080000000, 0x000000008df80000, 0x00000000d5580000)
  object space 228864K, 99% used [0x0000000080000000,0x000000008df00070,0x000000008df80000)
 Metaspace       used 72109K, committed 73728K, reserved 1179648K
  class space    used 7392K, committed 8128K, reserved 1048576K
}
Event: 3798.505 GC heap before
{Heap before GC invocations=246 (full 3):
 PSYoungGen      total 7168K, used 7162K [0x00000000d5580000, 0x00000000d5e80000, 0x0000000100000000)
  eden space 6144K, 100% used [0x00000000d5580000,0x00000000d5b80000,0x00000000d5b80000)
  from space 1024K, 99% used [0x00000000d5d80000,0x00000000d5e7eb28,0x00000000d5e80000)
  to   space 1536K, 0% used [0x00000000d5b80000,0x00000000d5b80000,0x00000000d5d00000)
 ParOldGen       total 228864K, used 228352K [0x0000000080000000, 0x000000008df80000, 0x00000000d5580000)
  object space 228864K, 99% used [0x0000000080000000,0x000000008df00070,0x000000008df80000)
 Metaspace       used 72109K, committed 73728K, reserved 1179648K
  class space    used 7392K, committed 8128K, reserved 1048576K
}
Event: 3798.506 GC heap after
{Heap after GC invocations=246 (full 3):
 PSYoungGen      total 7680K, used 1526K [0x00000000d5580000, 0x00000000d6280000, 0x0000000100000000)
  eden space 6144K, 0% used [0x00000000d5580000,0x00000000d5580000,0x00000000d5b80000)
  from space 1536K, 99% used [0x00000000d5b80000,0x00000000d5cfd8e0,0x00000000d5d00000)
  to   space 3584K, 0% used [0x00000000d5f00000,0x00000000d5f00000,0x00000000d6280000)
 ParOldGen       total 229888K, used 229774K [0x0000000080000000, 0x000000008e080000, 0x00000000d5580000)
  object space 229888K, 99% used [0x0000000080000000,0x000000008e063a80,0x000000008e080000)
 Metaspace       used 72109K, committed 73728K, reserved 1179648K
  class space    used 7392K, committed 8128K, reserved 1048576K
}
Event: 3798.523 GC heap before
{Heap before GC invocations=247 (full 3):
 PSYoungGen      total 7680K, used 7670K [0x00000000d5580000, 0x00000000d6280000, 0x0000000100000000)
  eden space 6144K, 100% used [0x00000000d5580000,0x00000000d5b80000,0x00000000d5b80000)
  from space 1536K, 99% used [0x00000000d5b80000,0x00000000d5cfd8e0,0x00000000d5d00000)
  to   space 3584K, 0% used [0x00000000d5f00000,0x00000000d5f00000,0x00000000d6280000)
 ParOldGen       total 229888K, used 229774K [0x0000000080000000, 0x000000008e080000, 0x00000000d5580000)
  object space 229888K, 99% used [0x0000000080000000,0x000000008e063a80,0x000000008e080000)
 Metaspace       used 72112K, committed 73728K, reserved 1179648K
  class space    used 7392K, committed 8128K, reserved 1048576K
}
Event: 3798.525 GC heap after
{Heap after GC invocations=247 (full 3):
 PSYoungGen      total 8704K, used 2052K [0x00000000d5580000, 0x00000000d6180000, 0x0000000100000000)
  eden space 6144K, 0% used [0x00000000d5580000,0x00000000d5580000,0x00000000d5b80000)
  from space 2560K, 80% used [0x00000000d5f00000,0x00000000d61010d8,0x00000000d6180000)
  to   space 2560K, 0% used [0x00000000d5c80000,0x00000000d5c80000,0x00000000d5f00000)
 ParOldGen       total 231424K, used 231311K [0x0000000080000000, 0x000000008e200000, 0x00000000d5580000)
  object space 231424K, 99% used [0x0000000080000000,0x000000008e1e3e68,0x000000008e200000)
 Metaspace       used 72112K, committed 73728K, reserved 1179648K
  class space    used 7392K, committed 8128K, reserved 1048576K
}
Event: 3800.869 GC heap before
{Heap before GC invocations=248 (full 3):
 PSYoungGen      total 8704K, used 8196K [0x00000000d5580000, 0x00000000d6180000, 0x0000000100000000)
  eden space 6144K, 100% used [0x00000000d5580000,0x00000000d5b80000,0x00000000d5b80000)
  from space 2560K, 80% used [0x00000000d5f00000,0x00000000d61010d8,0x00000000d6180000)
  to   space 2560K, 0% used [0x00000000d5c80000,0x00000000d5c80000,0x00000000d5f00000)
 ParOldGen       total 231424K, used 231311K [0x0000000080000000, 0x000000008e200000, 0x00000000d5580000)
  object space 231424K, 99% used [0x0000000080000000,0x000000008e1e3e68,0x000000008e200000)
 Metaspace       used 72222K, committed 73792K, reserved 1179648K
  class space    used 7416K, committed 8128K, reserved 1048576K
}
Event: 3800.870 GC heap after
{Heap after GC invocations=248 (full 3):
 PSYoungGen      total 7680K, used 1234K [0x00000000d5580000, 0x00000000d5f80000, 0x0000000100000000)
  eden space 6144K, 0% used [0x00000000d5580000,0x00000000d5580000,0x00000000d5b80000)
  from space 1536K, 80% used [0x00000000d5c80000,0x00000000d5db4990,0x00000000d5e00000)
  to   space 1536K, 0% used [0x00000000d5e00000,0x00000000d5e00000,0x00000000d5f80000)
 ParOldGen       total 231936K, used 231503K [0x0000000080000000, 0x000000008e280000, 0x00000000d5580000)
  object space 231936K, 99% used [0x0000000080000000,0x000000008e213e78,0x000000008e280000)
 Metaspace       used 72222K, committed 73792K, reserved 1179648K
  class space    used 7416K, committed 8128K, reserved 1048576K
}
Event: 3801.866 GC heap before
{Heap before GC invocations=249 (full 3):
 PSYoungGen      total 7680K, used 7378K [0x00000000d5580000, 0x00000000d5f80000, 0x0000000100000000)
  eden space 6144K, 100% used [0x00000000d5580000,0x00000000d5b80000,0x00000000d5b80000)
  from space 1536K, 80% used [0x00000000d5c80000,0x00000000d5db4990,0x00000000d5e00000)
  to   space 1536K, 0% used [0x00000000d5e00000,0x00000000d5e00000,0x00000000d5f80000)
 ParOldGen       total 231936K, used 231503K [0x0000000080000000, 0x000000008e280000, 0x00000000d5580000)
  object space 231936K, 99% used [0x0000000080000000,0x000000008e213e78,0x000000008e280000)
 Metaspace       used 72254K, committed 73856K, reserved 1179648K
  class space    used 7416K, committed 8128K, reserved 1048576K
}
Event: 3801.867 GC heap after
{Heap after GC invocations=249 (full 3):
 PSYoungGen      total 7168K, used 772K [0x00000000d5580000, 0x00000000d5f00000, 0x0000000100000000)
  eden space 6144K, 0% used [0x00000000d5580000,0x00000000d5580000,0x00000000d5b80000)
  from space 1024K, 75% used [0x00000000d5e00000,0x00000000d5ec1210,0x00000000d5f00000)
  to   space 1024K, 0% used [0x00000000d5d00000,0x00000000d5d00000,0x00000000d5e00000)
 ParOldGen       total 232960K, used 232664K [0x0000000080000000, 0x000000008e380000, 0x00000000d5580000)
  object space 232960K, 99% used [0x0000000080000000,0x000000008e336118,0x000000008e380000)
 Metaspace       used 72254K, committed 73856K, reserved 1179648K
  class space    used 7416K, committed 8128K, reserved 1048576K
}
Event: 3801.879 GC heap before
{Heap before GC invocations=250 (full 3):
 PSYoungGen      total 7168K, used 6916K [0x00000000d5580000, 0x00000000d5f00000, 0x0000000100000000)
  eden space 6144K, 100% used [0x00000000d5580000,0x00000000d5b80000,0x00000000d5b80000)
  from space 1024K, 75% used [0x00000000d5e00000,0x00000000d5ec1210,0x00000000d5f00000)
  to   space 1024K, 0% used [0x00000000d5d00000,0x00000000d5d00000,0x00000000d5e00000)
 ParOldGen       total 232960K, used 232664K [0x0000000080000000, 0x000000008e380000, 0x00000000d5580000)
  object space 232960K, 99% used [0x0000000080000000,0x000000008e336118,0x000000008e380000)
 Metaspace       used 72265K, committed 73856K, reserved 1179648K
  class space    used 7416K, committed 8128K, reserved 1048576K
}
Event: 3801.881 GC heap after
{Heap after GC invocations=250 (full 3):
 PSYoungGen      total 7168K, used 1012K [0x00000000d5580000, 0x00000000d5f80000, 0x0000000100000000)
  eden space 6144K, 0% used [0x00000000d5580000,0x00000000d5580000,0x00000000d5b80000)
  from space 1024K, 98% used [0x00000000d5d00000,0x00000000d5dfd220,0x00000000d5e00000)
  to   space 1536K, 0% used [0x00000000d5e00000,0x00000000d5e00000,0x00000000d5f80000)
 ParOldGen       total 233472K, used 233236K [0x0000000080000000, 0x000000008e400000, 0x00000000d5580000)
  object space 233472K, 99% used [0x0000000080000000,0x000000008e3c5328,0x000000008e400000)
 Metaspace       used 72265K, committed 73856K, reserved 1179648K
  class space    used 7416K, committed 8128K, reserved 1048576K
}
Event: 3801.898 GC heap before
{Heap before GC invocations=251 (full 3):
 PSYoungGen      total 7168K, used 7156K [0x00000000d5580000, 0x00000000d5f80000, 0x0000000100000000)
  eden space 6144K, 100% used [0x00000000d5580000,0x00000000d5b80000,0x00000000d5b80000)
  from space 1024K, 98% used [0x00000000d5d00000,0x00000000d5dfd220,0x00000000d5e00000)
  to   space 1536K, 0% used [0x00000000d5e00000,0x00000000d5e00000,0x00000000d5f80000)
 ParOldGen       total 233472K, used 233236K [0x0000000080000000, 0x000000008e400000, 0x00000000d5580000)
  object space 233472K, 99% used [0x0000000080000000,0x000000008e3c5328,0x000000008e400000)
 Metaspace       used 72279K, committed 73856K, reserved 1179648K
  class space    used 7416K, committed 8128K, reserved 1048576K
}
Event: 3801.899 GC heap after
{Heap after GC invocations=251 (full 3):
 PSYoungGen      total 7680K, used 1130K [0x00000000d5580000, 0x00000000d5f80000, 0x0000000100000000)
  eden space 6144K, 0% used [0x00000000d5580000,0x00000000d5580000,0x00000000d5b80000)
  from space 1536K, 73% used [0x00000000d5e00000,0x00000000d5f1a910,0x00000000d5f80000)
  to   space 1536K, 0% used [0x00000000d5c80000,0x00000000d5c80000,0x00000000d5e00000)
 ParOldGen       total 234496K, used 234137K [0x0000000080000000, 0x000000008e500000, 0x00000000d5580000)
  object space 234496K, 99% used [0x0000000080000000,0x000000008e4a6558,0x000000008e500000)
 Metaspace       used 72279K, committed 73856K, reserved 1179648K
  class space    used 7416K, committed 8128K, reserved 1048576K
}
Event: 3801.909 GC heap before
{Heap before GC invocations=252 (full 3):
 PSYoungGen      total 7680K, used 7274K [0x00000000d5580000, 0x00000000d5f80000, 0x0000000100000000)
  eden space 6144K, 99% used [0x00000000d5580000,0x00000000d5b7fff8,0x00000000d5b80000)
  from space 1536K, 73% used [0x00000000d5e00000,0x00000000d5f1a910,0x00000000d5f80000)
  to   space 1536K, 0% used [0x00000000d5c80000,0x00000000d5c80000,0x00000000d5e00000)
 ParOldGen       total 234496K, used 234137K [0x0000000080000000, 0x000000008e500000, 0x00000000d5580000)
  object space 234496K, 99% used [0x0000000080000000,0x000000008e4a6558,0x000000008e500000)
 Metaspace       used 72282K, committed 73856K, reserved 1179648K
  class space    used 7416K, committed 8128K, reserved 1048576K
}
Event: 3801.910 GC heap after
{Heap after GC invocations=252 (full 3):
 PSYoungGen      total 7168K, used 672K [0x00000000d5580000, 0x00000000d5e80000, 0x0000000100000000)
  eden space 6144K, 0% used [0x00000000d5580000,0x00000000d5580000,0x00000000d5b80000)
  from space 1024K, 65% used [0x00000000d5c80000,0x00000000d5d28000,0x00000000d5d80000)
  to   space 1024K, 0% used [0x00000000d5d80000,0x00000000d5d80000,0x00000000d5e80000)
 ParOldGen       total 235520K, used 235100K [0x0000000080000000, 0x000000008e600000, 0x00000000d5580000)
  object space 235520K, 99% used [0x0000000080000000,0x000000008e5973c8,0x000000008e600000)
 Metaspace       used 72282K, committed 73856K, reserved 1179648K
  class space    used 7416K, committed 8128K, reserved 1048576K
}
Event: 3801.929 GC heap before
{Heap before GC invocations=253 (full 3):
 PSYoungGen      total 7168K, used 6816K [0x00000000d5580000, 0x00000000d5e80000, 0x0000000100000000)
  eden space 6144K, 100% used [0x00000000d5580000,0x00000000d5b80000,0x00000000d5b80000)
  from space 1024K, 65% used [0x00000000d5c80000,0x00000000d5d28000,0x00000000d5d80000)
  to   space 1024K, 0% used [0x00000000d5d80000,0x00000000d5d80000,0x00000000d5e80000)
 ParOldGen       total 235520K, used 235100K [0x0000000080000000, 0x000000008e600000, 0x00000000d5580000)
  object space 235520K, 99% used [0x0000000080000000,0x000000008e5973c8,0x000000008e600000)
 Metaspace       used 72292K, committed 73856K, reserved 1179648K
  class space    used 7416K, committed 8128K, reserved 1048576K
}
Event: 3801.930 GC heap after
{Heap after GC invocations=253 (full 3):
 PSYoungGen      total 6656K, used 1021K [0x00000000d5580000, 0x00000000d6080000, 0x0000000100000000)
  eden space 5632K, 0% used [0x00000000d5580000,0x00000000d5580000,0x00000000d5b00000)
  from space 1024K, 99% used [0x00000000d5d80000,0x00000000d5e7f7b0,0x00000000d5e80000)
  to   space 2560K, 0% used [0x00000000d5b00000,0x00000000d5b00000,0x00000000d5d80000)
 ParOldGen       total 236032K, used 235935K [0x0000000080000000, 0x000000008e680000, 0x00000000d5580000)
  object space 236032K, 99% used [0x0000000080000000,0x000000008e667d08,0x000000008e680000)
 Metaspace       used 72292K, committed 73856K, reserved 1179648K
  class space    used 7416K, committed 8128K, reserved 1048576K
}
Event: 3801.946 GC heap before
{Heap before GC invocations=254 (full 3):
 PSYoungGen      total 6656K, used 6653K [0x00000000d5580000, 0x00000000d6080000, 0x0000000100000000)
  eden space 5632K, 100% used [0x00000000d5580000,0x00000000d5b00000,0x00000000d5b00000)
  from space 1024K, 99% used [0x00000000d5d80000,0x00000000d5e7f7b0,0x00000000d5e80000)
  to   space 2560K, 0% used [0x00000000d5b00000,0x00000000d5b00000,0x00000000d5d80000)
 ParOldGen       total 236032K, used 235935K [0x0000000080000000, 0x000000008e680000, 0x00000000d5580000)
  object space 236032K, 99% used [0x0000000080000000,0x000000008e667d08,0x000000008e680000)
 Metaspace       used 72303K, committed 73856K, reserved 1179648K
  class space    used 7416K, committed 8128K, reserved 1048576K
}
Event: 3801.948 GC heap after
{Heap after GC invocations=254 (full 3):
 PSYoungGen      total 6656K, used 624K [0x00000000d5580000, 0x00000000d5e00000, 0x0000000100000000)
  eden space 5632K, 0% used [0x00000000d5580000,0x00000000d5580000,0x00000000d5b00000)
  from space 1024K, 60% used [0x00000000d5b00000,0x00000000d5b9c010,0x00000000d5c00000)
  to   space 1536K, 0% used [0x00000000d5c80000,0x00000000d5c80000,0x00000000d5e00000)
 ParOldGen       total 237056K, used 236948K [0x0000000080000000, 0x000000008e780000, 0x00000000d5580000)
  object space 237056K, 99% used [0x0000000080000000,0x000000008e765380,0x000000008e780000)
 Metaspace       used 72303K, committed 73856K, reserved 1179648K
  class space    used 7416K, committed 8128K, reserved 1048576K
}

