# JRE version: OpenJDK Runtime Environment Temurin-21.0.10+7 (21.0.10+7) (build 21.0.10+7-LTS)
# Java VM: OpenJDK 64-Bit Server VM Temurin-21.0.10+7 (21.0.10+7-LTS, mixed mode, sharing, tiered, compressed oops, compressed class ptrs, parallel gc, windows-amd64)
GC Precious Log:
 CardTable entry size: 512
 CPUs: 12 total, 12 available
 Memory: 7518M
 Large Page Support: Disabled
 NUMA Support: Disabled
 Compressed Oops: Enabled (32-bit)
 Alignments: Space 512K, Generation 512K, Heap 2M
 Heap Min Capacity: 100M
 Heap Initial Capacity: 100M
 Heap Max Capacity: 2G
 Pre-touch: Disabled
 Parallel Workers: 10
Heap:
 PSYoungGen      total 16896K, used 5661K [0x00000000d5580000, 0x00000000d7a00000, 0x0000000100000000)
  eden space 12800K, 15% used [0x00000000d5580000,0x00000000d5771910,0x00000000d6200000)
  from space 4096K, 89% used [0x00000000d7600000,0x00000000d7995be0,0x00000000d7a00000)
  to   space 9216K, 0% used [0x00000000d6800000,0x00000000d6800000,0x00000000d7100000)
 ParOldGen       total 354304K, used 344964K [0x0000000080000000, 0x0000000095a00000, 0x00000000d5580000)
  object space 354304K, 97% used [0x0000000080000000,0x00000000950e13c8,0x0000000095a00000)
 Metaspace       used 59713K, committed 61248K, reserved 1114112K
  class space    used 6294K, committed 6976K, reserved 1048576K
GC Heap History (20 events):
Event: 11.000 GC heap before
{Heap before GC invocations=247 (full 2):
 PSYoungGen      total 17408K, used 17275K [0x00000000d5580000, 0x00000000d6b00000, 0x0000000100000000)
  eden space 13312K, 100% used [0x00000000d5580000,0x00000000d6280000,0x00000000d6280000)
  from space 4096K, 96% used [0x00000000d6680000,0x00000000d6a5ee18,0x00000000d6a80000)
  to   space 4096K, 0% used [0x00000000d6280000,0x00000000d6280000,0x00000000d6680000)
 ParOldGen       total 336384K, used 336231K [0x0000000080000000, 0x0000000094880000, 0x00000000d5580000)
  object space 336384K, 99% used [0x0000000080000000,0x0000000094859cf0,0x0000000094880000)
 Metaspace       used 57512K, committed 58944K, reserved 1114112K
  class space    used 6160K, committed 6784K, reserved 1048576K
}
Event: 11.005 GC heap after
{Heap after GC invocations=247 (full 2):
 PSYoungGen      total 17408K, used 4093K [0x00000000d5580000, 0x00000000d6e80000, 0x0000000100000000)
  eden space 13312K, 0% used [0x00000000d5580000,0x00000000d5580000,0x00000000d6280000)
  from space 4096K, 99% used [0x00000000d6280000,0x00000000d667f678,0x00000000d6680000)
  to   space 4608K, 0% used [0x00000000d6a00000,0x00000000d6a00000,0x00000000d6e80000)
 ParOldGen       total 340480K, used 340395K [0x0000000080000000, 0x0000000094c80000, 0x00000000d5580000)
  object space 340480K, 99% used [0x0000000080000000,0x0000000094c6ad20,0x0000000094c80000)
 Metaspace       used 57512K, committed 58944K, reserved 1114112K
  class space    used 6160K, committed 6784K, reserved 1048576K
}
Event: 11.014 GC heap before
{Heap before GC invocations=248 (full 2):
 PSYoungGen      total 17408K, used 17405K [0x00000000d5580000, 0x00000000d6e80000, 0x0000000100000000)
  eden space 13312K, 100% used [0x00000000d5580000,0x00000000d6280000,0x00000000d6280000)
  from space 4096K, 99% used [0x00000000d6280000,0x00000000d667f678,0x00000000d6680000)
  to   space 4608K, 0% used [0x00000000d6a00000,0x00000000d6a00000,0x00000000d6e80000)
 ParOldGen       total 340480K, used 340395K [0x0000000080000000, 0x0000000094c80000, 0x00000000d5580000)
  object space 340480K, 99% used [0x0000000080000000,0x0000000094c6ad20,0x0000000094c80000)
 Metaspace       used 57513K, committed 58944K, reserved 1114112K
  class space    used 6160K, committed 6784K, reserved 1048576K
}
Event: 11.017 GC heap after
{Heap after GC invocations=248 (full 2):
 PSYoungGen      total 20480K, used 3784K [0x00000000d5580000, 0x00000000d6e00000, 0x0000000100000000)
  eden space 16384K, 0% used [0x00000000d5580000,0x00000000d5580000,0x00000000d6580000)
  from space 4096K, 92% used [0x00000000d6a00000,0x00000000d6db2070,0x00000000d6e00000)
  to   space 4096K, 0% used [0x00000000d6600000,0x00000000d6600000,0x00000000d6a00000)
 ParOldGen       total 344576K, used 344416K [0x0000000080000000, 0x0000000095080000, 0x00000000d5580000)
  object space 344576K, 99% used [0x0000000080000000,0x0000000095058058,0x0000000095080000)
 Metaspace       used 57513K, committed 58944K, reserved 1114112K
  class space    used 6160K, committed 6784K, reserved 1048576K
}
Event: 11.078 GC heap before
{Heap before GC invocations=249 (full 2):
 PSYoungGen      total 20480K, used 20168K [0x00000000d5580000, 0x00000000d6e00000, 0x0000000100000000)
  eden space 16384K, 100% used [0x00000000d5580000,0x00000000d6580000,0x00000000d6580000)
  from space 4096K, 92% used [0x00000000d6a00000,0x00000000d6db2070,0x00000000d6e00000)
  to   space 4096K, 0% used [0x00000000d6600000,0x00000000d6600000,0x00000000d6a00000)
 ParOldGen       total 344576K, used 344416K [0x0000000080000000, 0x0000000095080000, 0x00000000d5580000)
  object space 344576K, 99% used [0x0000000080000000,0x0000000095058058,0x0000000095080000)
 Metaspace       used 57871K, committed 59264K, reserved 1114112K
  class space    used 6198K, committed 6848K, reserved 1048576K
}
Event: 11.081 GC heap after
{Heap after GC invocations=249 (full 2):
 PSYoungGen      total 20992K, used 2178K [0x00000000d5580000, 0x00000000d6f00000, 0x0000000100000000)
  eden space 16896K, 0% used [0x00000000d5580000,0x00000000d5580000,0x00000000d6600000)
  from space 4096K, 53% used [0x00000000d6600000,0x00000000d68208b0,0x00000000d6a00000)
  to   space 3072K, 0% used [0x00000000d6c00000,0x00000000d6c00000,0x00000000d6f00000)
 ParOldGen       total 348160K, used 348085K [0x0000000080000000, 0x0000000095400000, 0x00000000d5580000)
  object space 348160K, 99% used [0x0000000080000000,0x00000000953ed4a8,0x0000000095400000)
 Metaspace       used 57871K, committed 59264K, reserved 1114112K
  class space    used 6198K, committed 6848K, reserved 1048576K
}
Event: 11.168 GC heap before
{Heap before GC invocations=250 (full 2):
 PSYoungGen      total 20992K, used 17908K [0x00000000d5580000, 0x00000000d6f00000, 0x0000000100000000)
  eden space 16896K, 93% used [0x00000000d5580000,0x00000000d64dcac0,0x00000000d6600000)
  from space 4096K, 53% used [0x00000000d6600000,0x00000000d68208b0,0x00000000d6a00000)
  to   space 3072K, 0% used [0x00000000d6c00000,0x00000000d6c00000,0x00000000d6f00000)
 ParOldGen       total 348160K, used 348085K [0x0000000080000000, 0x0000000095400000, 0x00000000d5580000)
  object space 348160K, 99% used [0x0000000080000000,0x00000000953ed4a8,0x0000000095400000)
 Metaspace       used 58337K, committed 59776K, reserved 1114112K
  class space    used 6254K, committed 6912K, reserved 1048576K
}
Event: 11.171 GC heap after
{Heap after GC invocations=250 (full 2):
 PSYoungGen      total 15872K, used 3071K [0x00000000d5580000, 0x00000000d7d00000, 0x0000000100000000)
  eden space 12800K, 0% used [0x00000000d5580000,0x00000000d5580000,0x00000000d6200000)
  from space 3072K, 99% used [0x00000000d6c00000,0x00000000d6effc00,0x00000000d6f00000)
  to   space 10240K, 0% used [0x00000000d6200000,0x00000000d6200000,0x00000000d6c00000)
 ParOldGen       total 354304K, used 354065K [0x0000000080000000, 0x0000000095a00000, 0x00000000d5580000)
  object space 354304K, 99% used [0x0000000080000000,0x00000000959c4560,0x0000000095a00000)
 Metaspace       used 58337K, committed 59776K, reserved 1114112K
  class space    used 6254K, committed 6912K, reserved 1048576K
}
Event: 11.171 GC heap before
{Heap before GC invocations=251 (full 3):
 PSYoungGen      total 15872K, used 3071K [0x00000000d5580000, 0x00000000d7d00000, 0x0000000100000000)
  eden space 12800K, 0% used [0x00000000d5580000,0x00000000d5580000,0x00000000d6200000)
  from space 3072K, 99% used [0x00000000d6c00000,0x00000000d6effc00,0x00000000d6f00000)
  to   space 10240K, 0% used [0x00000000d6200000,0x00000000d6200000,0x00000000d6c00000)
 ParOldGen       total 354304K, used 354065K [0x0000000080000000, 0x0000000095a00000, 0x00000000d5580000)
  object space 354304K, 99% used [0x0000000080000000,0x00000000959c4560,0x0000000095a00000)
 Metaspace       used 58337K, committed 59776K, reserved 1114112K
  class space    used 6254K, committed 6912K, reserved 1048576K
}
Event: 11.349 GC heap after
{Heap after GC invocations=251 (full 3):
 PSYoungGen      total 15872K, used 0K [0x00000000d5580000, 0x00000000d7d00000, 0x0000000100000000)
  eden space 12800K, 0% used [0x00000000d5580000,0x00000000d5580000,0x00000000d6200000)
  from space 3072K, 0% used [0x00000000d6c00000,0x00000000d6c00000,0x00000000d6f00000)
  to   space 10240K, 0% used [0x00000000d6200000,0x00000000d6200000,0x00000000d6c00000)
 ParOldGen       total 354304K, used 313100K [0x0000000080000000, 0x0000000095a00000, 0x00000000d5580000)
  object space 354304K, 88% used [0x0000000080000000,0x00000000931c31f8,0x0000000095a00000)
 Metaspace       used 58337K, committed 59776K, reserved 1114112K
  class space    used 6254K, committed 6912K, reserved 1048576K
}
Event: 11.437 GC heap before
{Heap before GC invocations=252 (full 3):
 PSYoungGen      total 15872K, used 12739K [0x00000000d5580000, 0x00000000d7d00000, 0x0000000100000000)
  eden space 12800K, 99% used [0x00000000d5580000,0x00000000d61f0f48,0x00000000d6200000)
  from space 3072K, 0% used [0x00000000d6c00000,0x00000000d6c00000,0x00000000d6f00000)
  to   space 10240K, 0% used [0x00000000d6200000,0x00000000d6200000,0x00000000d6c00000)
 ParOldGen       total 354304K, used 313100K [0x0000000080000000, 0x0000000095a00000, 0x00000000d5580000)
  object space 354304K, 88% used [0x0000000080000000,0x00000000931c31f8,0x0000000095a00000)
 Metaspace       used 58680K, committed 60160K, reserved 1114112K
  class space    used 6266K, committed 6912K, reserved 1048576K
}
Event: 11.441 GC heap after
{Heap after GC invocations=252 (full 3):
 PSYoungGen      total 19968K, used 7041K [0x00000000d5580000, 0x00000000d7200000, 0x0000000100000000)
  eden space 12800K, 0% used [0x00000000d5580000,0x00000000d5580000,0x00000000d6200000)
  from space 7168K, 98% used [0x00000000d6200000,0x00000000d68e06e0,0x00000000d6900000)
  to   space 8192K, 0% used [0x00000000d6a00000,0x00000000d6a00000,0x00000000d7200000)
 ParOldGen       total 354304K, used 313108K [0x0000000080000000, 0x0000000095a00000, 0x00000000d5580000)
  object space 354304K, 88% used [0x0000000080000000,0x00000000931c51f8,0x0000000095a00000)
 Metaspace       used 58680K, committed 60160K, reserved 1114112K
  class space    used 6266K, committed 6912K, reserved 1048576K
}
Event: 11.537 GC heap before
{Heap before GC invocations=253 (full 3):
 PSYoungGen      total 19968K, used 19841K [0x00000000d5580000, 0x00000000d7200000, 0x0000000100000000)
  eden space 12800K, 100% used [0x00000000d5580000,0x00000000d6200000,0x00000000d6200000)
  from space 7168K, 98% used [0x00000000d6200000,0x00000000d68e06e0,0x00000000d6900000)
  to   space 8192K, 0% used [0x00000000d6a00000,0x00000000d6a00000,0x00000000d7200000)
 ParOldGen       total 354304K, used 313108K [0x0000000080000000, 0x0000000095a00000, 0x00000000d5580000)
  object space 354304K, 88% used [0x0000000080000000,0x00000000931c51f8,0x0000000095a00000)
 Metaspace       used 58949K, committed 60352K, reserved 1114112K
  class space    used 6272K, committed 6912K, reserved 1048576K
}
Event: 11.544 GC heap after
{Heap after GC invocations=253 (full 3):
 PSYoungGen      total 19968K, used 6995K [0x00000000d5580000, 0x00000000d7100000, 0x0000000100000000)
  eden space 12800K, 0% used [0x00000000d5580000,0x00000000d5580000,0x00000000d6200000)
  from space 7168K, 97% used [0x00000000d6a00000,0x00000000d70d4cc0,0x00000000d7100000)
  to   space 7168K, 0% used [0x00000000d6200000,0x00000000d6200000,0x00000000d6900000)
 ParOldGen       total 354304K, used 319115K [0x0000000080000000, 0x0000000095a00000, 0x00000000d5580000)
  object space 354304K, 90% used [0x0000000080000000,0x00000000937a2d78,0x0000000095a00000)
 Metaspace       used 58949K, committed 60352K, reserved 1114112K
  class space    used 6272K, committed 6912K, reserved 1048576K
}
Event: 11.674 GC heap before
{Heap before GC invocations=254 (full 3):
 PSYoungGen      total 19968K, used 19795K [0x00000000d5580000, 0x00000000d7100000, 0x0000000100000000)
  eden space 12800K, 100% used [0x00000000d5580000,0x00000000d6200000,0x00000000d6200000)
  from space 7168K, 97% used [0x00000000d6a00000,0x00000000d70d4cc0,0x00000000d7100000)
  to   space 7168K, 0% used [0x00000000d6200000,0x00000000d6200000,0x00000000d6900000)
 ParOldGen       total 354304K, used 319115K [0x0000000080000000, 0x0000000095a00000, 0x00000000d5580000)
  object space 354304K, 90% used [0x0000000080000000,0x00000000937a2d78,0x0000000095a00000)
 Metaspace       used 59232K, committed 60672K, reserved 1114112K
  class space    used 6275K, committed 6912K, reserved 1048576K
}
Event: 11.682 GC heap after
{Heap after GC invocations=254 (full 3):
 PSYoungGen      total 19968K, used 6603K [0x00000000d5580000, 0x00000000d7000000, 0x0000000100000000)
  eden space 12800K, 0% used [0x00000000d5580000,0x00000000d5580000,0x00000000d6200000)
  from space 7168K, 92% used [0x00000000d6200000,0x00000000d6872eb8,0x00000000d6900000)
  to   space 7168K, 0% used [0x00000000d6900000,0x00000000d6900000,0x00000000d7000000)
 ParOldGen       total 354304K, used 325986K [0x0000000080000000, 0x0000000095a00000, 0x00000000d5580000)
  object space 354304K, 92% used [0x0000000080000000,0x0000000093e589c8,0x0000000095a00000)
 Metaspace       used 59232K, committed 60672K, reserved 1114112K
  class space    used 6275K, committed 6912K, reserved 1048576K
}
Event: 11.771 GC heap before
{Heap before GC invocations=255 (full 3):
 PSYoungGen      total 19968K, used 19403K [0x00000000d5580000, 0x00000000d7000000, 0x0000000100000000)
  eden space 12800K, 100% used [0x00000000d5580000,0x00000000d6200000,0x00000000d6200000)
  from space 7168K, 92% used [0x00000000d6200000,0x00000000d6872eb8,0x00000000d6900000)
  to   space 7168K, 0% used [0x00000000d6900000,0x00000000d6900000,0x00000000d7000000)
 ParOldGen       total 354304K, used 325986K [0x0000000080000000, 0x0000000095a00000, 0x00000000d5580000)
  object space 354304K, 92% used [0x0000000080000000,0x0000000093e589c8,0x0000000095a00000)
 Metaspace       used 59574K, committed 61056K, reserved 1114112K
  class space    used 6285K, committed 6912K, reserved 1048576K
}
Event: 11.776 GC heap after
{Heap after GC invocations=255 (full 3):
 PSYoungGen      total 19968K, used 6887K [0x00000000d5580000, 0x00000000d7000000, 0x0000000100000000)
  eden space 12800K, 0% used [0x00000000d5580000,0x00000000d5580000,0x00000000d6200000)
  from space 7168K, 96% used [0x00000000d6900000,0x00000000d6fb9cc8,0x00000000d7000000)
  to   space 7168K, 0% used [0x00000000d6200000,0x00000000d6200000,0x00000000d6900000)
 ParOldGen       total 354304K, used 332404K [0x0000000080000000, 0x0000000095a00000, 0x00000000d5580000)
  object space 354304K, 93% used [0x0000000080000000,0x000000009449d2a8,0x0000000095a00000)
 Metaspace       used 59574K, committed 61056K, reserved 1114112K
  class space    used 6285K, committed 6912K, reserved 1048576K
}
Event: 11.820 GC heap before
{Heap before GC invocations=256 (full 3):
 PSYoungGen      total 19968K, used 19687K [0x00000000d5580000, 0x00000000d7000000, 0x0000000100000000)
  eden space 12800K, 100% used [0x00000000d5580000,0x00000000d6200000,0x00000000d6200000)
  from space 7168K, 96% used [0x00000000d6900000,0x00000000d6fb9cc8,0x00000000d7000000)
  to   space 7168K, 0% used [0x00000000d6200000,0x00000000d6200000,0x00000000d6900000)
 ParOldGen       total 354304K, used 332404K [0x0000000080000000, 0x0000000095a00000, 0x00000000d5580000)
  object space 354304K, 93% used [0x0000000080000000,0x000000009449d2a8,0x0000000095a00000)
 Metaspace       used 59575K, committed 61056K, reserved 1114112K
  class space    used 6285K, committed 6912K, reserved 1048576K
}
Event: 11.827 GC heap after
{Heap after GC invocations=256 (full 3):
 PSYoungGen      total 19968K, used 7164K [0x00000000d5580000, 0x00000000d8a00000, 0x0000000100000000)
  eden space 12800K, 0% used [0x00000000d5580000,0x00000000d5580000,0x00000000d6200000)
  from space 7168K, 99% used [0x00000000d6200000,0x00000000d68ff3b8,0x00000000d6900000)
  to   space 20480K, 0% used [0x00000000d7600000,0x00000000d7600000,0x00000000d8a00000)
 ParOldGen       total 354304K, used 343307K [0x0000000080000000, 0x0000000095a00000, 0x00000000d5580000)
  object space 354304K, 96% used [0x0000000080000000,0x0000000094f42c68,0x0000000095a00000)
 Metaspace       used 59575K, committed 61056K, reserved 1114112K
  class space    used 6285K, committed 6912K, reserved 1048576K
}

