# JRE version: OpenJDK Runtime Environment Temurin-21.0.10+7 (21.0.10+7) (build 21.0.10+7-LTS)
# Java VM: OpenJDK 64-Bit Server VM Temurin-21.0.10+7 (21.0.10+7-LTS, mixed mode, sharing, tiered, compressed oops, compressed class ptrs, parallel gc, windows-amd64)
GC Precious Log:
 CardTable entry size: 512
 CPUs: 12 total, 12 available
 Memory: 7518M
 Large Page Support: Disabled
 NUMA Support: Disabled
 Compressed Oops: Enabled (32-bit)
 Alignments: Space 512K, Generation 512K, Heap 2M
 Heap Min Capacity: 100M
 Heap Initial Capacity: 100M
 Heap Max Capacity: 2G
 Pre-touch: Disabled
 Parallel Workers: 10
Heap:
 PSYoungGen      total 18432K, used 17794K [0x00000000d5580000, 0x00000000d7280000, 0x0000000100000000)
  eden space 11264K, 97% used [0x00000000d5580000,0x00000000d6039f48,0x00000000d6080000)
  from space 7168K, 95% used [0x00000000d6b80000,0x00000000d7228928,0x00000000d7280000)
  to   space 8192K, 0% used [0x00000000d6280000,0x00000000d6280000,0x00000000d6a80000)
 ParOldGen       total 361984K, used 361713K [0x0000000080000000, 0x0000000096180000, 0x00000000d5580000)
  object space 361984K, 99% used [0x0000000080000000,0x000000009613c508,0x0000000096180000)
 Metaspace       used 61785K, committed 63232K, reserved 1114112K
  class space    used 6448K, committed 7104K, reserved 1048576K
GC Heap History (20 events):
Event: 7.695 GC heap before
{Heap before GC invocations=246 (full 3):
 PSYoungGen      total 17920K, used 17778K [0x00000000d5580000, 0x00000000d6c00000, 0x0000000100000000)
  eden space 13312K, 100% used [0x00000000d5580000,0x00000000d6280000,0x00000000d6280000)
  from space 4608K, 96% used [0x00000000d6700000,0x00000000d6b5ca30,0x00000000d6b80000)
  to   space 4608K, 0% used [0x00000000d6280000,0x00000000d6280000,0x00000000d6700000)
 ParOldGen       total 319488K, used 319124K [0x0000000080000000, 0x0000000093800000, 0x00000000d5580000)
  object space 319488K, 99% used [0x0000000080000000,0x00000000937a5080,0x0000000093800000)
 Metaspace       used 60839K, committed 62336K, reserved 1114112K
  class space    used 6398K, committed 7040K, reserved 1048576K
}
Event: 7.699 GC heap after
{Heap after GC invocations=246 (full 3):
 PSYoungGen      total 17920K, used 4605K [0x00000000d5580000, 0x00000000d6f80000, 0x0000000100000000)
  eden space 13312K, 0% used [0x00000000d5580000,0x00000000d5580000,0x00000000d6280000)
  from space 4608K, 99% used [0x00000000d6280000,0x00000000d66ff568,0x00000000d6700000)
  to   space 5120K, 0% used [0x00000000d6a80000,0x00000000d6a80000,0x00000000d6f80000)
 ParOldGen       total 324096K, used 323927K [0x0000000080000000, 0x0000000093c80000, 0x00000000d5580000)
  object space 324096K, 99% used [0x0000000080000000,0x0000000093c55f58,0x0000000093c80000)
 Metaspace       used 60839K, committed 62336K, reserved 1114112K
  class space    used 6398K, committed 7040K, reserved 1048576K
}
Event: 7.753 GC heap before
{Heap before GC invocations=247 (full 3):
 PSYoungGen      total 17920K, used 17917K [0x00000000d5580000, 0x00000000d6f80000, 0x0000000100000000)
  eden space 13312K, 100% used [0x00000000d5580000,0x00000000d6280000,0x00000000d6280000)
  from space 4608K, 99% used [0x00000000d6280000,0x00000000d66ff568,0x00000000d6700000)
  to   space 5120K, 0% used [0x00000000d6a80000,0x00000000d6a80000,0x00000000d6f80000)
 ParOldGen       total 324096K, used 323927K [0x0000000080000000, 0x0000000093c80000, 0x00000000d5580000)
  object space 324096K, 99% used [0x0000000080000000,0x0000000093c55f58,0x0000000093c80000)
 Metaspace       used 60905K, committed 62336K, reserved 1114112K
  class space    used 6398K, committed 7040K, reserved 1048576K
}
Event: 7.756 GC heap after
{Heap after GC invocations=247 (full 3):
 PSYoungGen      total 19968K, used 3227K [0x00000000d5580000, 0x00000000d6e00000, 0x0000000100000000)
  eden space 16384K, 0% used [0x00000000d5580000,0x00000000d5580000,0x00000000d6580000)
  from space 3584K, 90% used [0x00000000d6a80000,0x00000000d6da6e58,0x00000000d6e00000)
  to   space 4096K, 0% used [0x00000000d6600000,0x00000000d6600000,0x00000000d6a00000)
 ParOldGen       total 328704K, used 328345K [0x0000000080000000, 0x0000000094100000, 0x00000000d5580000)
  object space 328704K, 99% used [0x0000000080000000,0x00000000940a65e0,0x0000000094100000)
 Metaspace       used 60905K, committed 62336K, reserved 1114112K
  class space    used 6398K, committed 7040K, reserved 1048576K
}
Event: 7.814 GC heap before
{Heap before GC invocations=248 (full 3):
 PSYoungGen      total 19968K, used 19611K [0x00000000d5580000, 0x00000000d6e00000, 0x0000000100000000)
  eden space 16384K, 100% used [0x00000000d5580000,0x00000000d6580000,0x00000000d6580000)
  from space 3584K, 90% used [0x00000000d6a80000,0x00000000d6da6e58,0x00000000d6e00000)
  to   space 4096K, 0% used [0x00000000d6600000,0x00000000d6600000,0x00000000d6a00000)
 ParOldGen       total 328704K, used 328345K [0x0000000080000000, 0x0000000094100000, 0x00000000d5580000)
  object space 328704K, 99% used [0x0000000080000000,0x00000000940a65e0,0x0000000094100000)
 Metaspace       used 60950K, committed 62400K, reserved 1114112K
  class space    used 6399K, committed 7040K, reserved 1048576K
}
Event: 7.817 GC heap after
{Heap after GC invocations=248 (full 3):
 PSYoungGen      total 20480K, used 3972K [0x00000000d5580000, 0x00000000d6e80000, 0x0000000100000000)
  eden space 16384K, 0% used [0x00000000d5580000,0x00000000d5580000,0x00000000d6580000)
  from space 4096K, 96% used [0x00000000d6600000,0x00000000d69e1200,0x00000000d6a00000)
  to   space 4608K, 0% used [0x00000000d6a00000,0x00000000d6a00000,0x00000000d6e80000)
 ParOldGen       total 331776K, used 331271K [0x0000000080000000, 0x0000000094400000, 0x00000000d5580000)
  object space 331776K, 99% used [0x0000000080000000,0x0000000094381d10,0x0000000094400000)
 Metaspace       used 60950K, committed 62400K, reserved 1114112K
  class space    used 6399K, committed 7040K, reserved 1048576K
}
Event: 7.883 GC heap before
{Heap before GC invocations=249 (full 3):
 PSYoungGen      total 20480K, used 20356K [0x00000000d5580000, 0x00000000d6e80000, 0x0000000100000000)
  eden space 16384K, 100% used [0x00000000d5580000,0x00000000d6580000,0x00000000d6580000)
  from space 4096K, 96% used [0x00000000d6600000,0x00000000d69e1200,0x00000000d6a00000)
  to   space 4608K, 0% used [0x00000000d6a00000,0x00000000d6a00000,0x00000000d6e80000)
 ParOldGen       total 331776K, used 331271K [0x0000000080000000, 0x0000000094400000, 0x00000000d5580000)
  object space 331776K, 99% used [0x0000000080000000,0x0000000094381d10,0x0000000094400000)
 Metaspace       used 61024K, committed 62528K, reserved 1114112K
  class space    used 6399K, committed 7040K, reserved 1048576K
}
Event: 7.888 GC heap after
{Heap after GC invocations=249 (full 3):
 PSYoungGen      total 15872K, used 4596K [0x00000000d5580000, 0x00000000d7880000, 0x0000000100000000)
  eden space 11264K, 0% used [0x00000000d5580000,0x00000000d5580000,0x00000000d6080000)
  from space 4608K, 99% used [0x00000000d6a00000,0x00000000d6e7d000,0x00000000d6e80000)
  to   space 9728K, 0% used [0x00000000d6080000,0x00000000d6080000,0x00000000d6a00000)
 ParOldGen       total 335360K, used 335296K [0x0000000080000000, 0x0000000094780000, 0x00000000d5580000)
  object space 335360K, 99% used [0x0000000080000000,0x0000000094770160,0x0000000094780000)
 Metaspace       used 61024K, committed 62528K, reserved 1114112K
  class space    used 6399K, committed 7040K, reserved 1048576K
}
Event: 7.935 GC heap before
{Heap before GC invocations=250 (full 3):
 PSYoungGen      total 15872K, used 15860K [0x00000000d5580000, 0x00000000d7880000, 0x0000000100000000)
  eden space 11264K, 100% used [0x00000000d5580000,0x00000000d6080000,0x00000000d6080000)
  from space 4608K, 99% used [0x00000000d6a00000,0x00000000d6e7d000,0x00000000d6e80000)
  to   space 9728K, 0% used [0x00000000d6080000,0x00000000d6080000,0x00000000d6a00000)
 ParOldGen       total 335360K, used 335296K [0x0000000080000000, 0x0000000094780000, 0x00000000d5580000)
  object space 335360K, 99% used [0x0000000080000000,0x0000000094770160,0x0000000094780000)
 Metaspace       used 61154K, committed 62656K, reserved 1114112K
  class space    used 6399K, committed 7040K, reserved 1048576K
}
Event: 7.939 GC heap after
{Heap after GC invocations=250 (full 3):
 PSYoungGen      total 15872K, used 4575K [0x00000000d5580000, 0x00000000d6c80000, 0x0000000100000000)
  eden space 11264K, 0% used [0x00000000d5580000,0x00000000d5580000,0x00000000d6080000)
  from space 4608K, 99% used [0x00000000d6080000,0x00000000d64f7eb0,0x00000000d6500000)
  to   space 6144K, 0% used [0x00000000d6680000,0x00000000d6680000,0x00000000d6c80000)
 ParOldGen       total 339456K, used 338952K [0x0000000080000000, 0x0000000094b80000, 0x00000000d5580000)
  object space 339456K, 99% used [0x0000000080000000,0x0000000094b02068,0x0000000094b80000)
 Metaspace       used 61154K, committed 62656K, reserved 1114112K
  class space    used 6399K, committed 7040K, reserved 1048576K
}
Event: 7.981 GC heap before
{Heap before GC invocations=251 (full 3):
 PSYoungGen      total 15872K, used 15839K [0x00000000d5580000, 0x00000000d6c80000, 0x0000000100000000)
  eden space 11264K, 100% used [0x00000000d5580000,0x00000000d6080000,0x00000000d6080000)
  from space 4608K, 99% used [0x00000000d6080000,0x00000000d64f7eb0,0x00000000d6500000)
  to   space 6144K, 0% used [0x00000000d6680000,0x00000000d6680000,0x00000000d6c80000)
 ParOldGen       total 339456K, used 338952K [0x0000000080000000, 0x0000000094b80000, 0x00000000d5580000)
  object space 339456K, 99% used [0x0000000080000000,0x0000000094b02068,0x0000000094b80000)
 Metaspace       used 61331K, committed 62848K, reserved 1114112K
  class space    used 6421K, committed 7104K, reserved 1048576K
}
Event: 7.984 GC heap after
{Heap after GC invocations=251 (full 3):
 PSYoungGen      total 15872K, used 4491K [0x00000000d5580000, 0x00000000d6b00000, 0x0000000100000000)
  eden space 11264K, 0% used [0x00000000d5580000,0x00000000d5580000,0x00000000d6080000)
  from space 4608K, 97% used [0x00000000d6680000,0x00000000d6ae2e70,0x00000000d6b00000)
  to   space 5120K, 0% used [0x00000000d6100000,0x00000000d6100000,0x00000000d6600000)
 ParOldGen       total 343552K, used 343339K [0x0000000080000000, 0x0000000094f80000, 0x00000000d5580000)
  object space 343552K, 99% used [0x0000000080000000,0x0000000094f4ae40,0x0000000094f80000)
 Metaspace       used 61331K, committed 62848K, reserved 1114112K
  class space    used 6421K, committed 7104K, reserved 1048576K
}
Event: 8.040 GC heap before
{Heap before GC invocations=252 (full 3):
 PSYoungGen      total 15872K, used 15755K [0x00000000d5580000, 0x00000000d6b00000, 0x0000000100000000)
  eden space 11264K, 100% used [0x00000000d5580000,0x00000000d6080000,0x00000000d6080000)
  from space 4608K, 97% used [0x00000000d6680000,0x00000000d6ae2e70,0x00000000d6b00000)
  to   space 5120K, 0% used [0x00000000d6100000,0x00000000d6100000,0x00000000d6600000)
 ParOldGen       total 343552K, used 343339K [0x0000000080000000, 0x0000000094f80000, 0x00000000d5580000)
  object space 343552K, 99% used [0x0000000080000000,0x0000000094f4ae40,0x0000000094f80000)
 Metaspace       used 61548K, committed 63040K, reserved 1114112K
  class space    used 6448K, committed 7104K, reserved 1048576K
}
Event: 8.044 GC heap after
{Heap after GC invocations=252 (full 3):
 PSYoungGen      total 15872K, used 4359K [0x00000000d5580000, 0x00000000d6980000, 0x0000000100000000)
  eden space 11264K, 0% used [0x00000000d5580000,0x00000000d5580000,0x00000000d6080000)
  from space 4608K, 94% used [0x00000000d6100000,0x00000000d6541e30,0x00000000d6580000)
  to   space 4096K, 0% used [0x00000000d6580000,0x00000000d6580000,0x00000000d6980000)
 ParOldGen       total 348160K, used 347728K [0x0000000080000000, 0x0000000095400000, 0x00000000d5580000)
  object space 348160K, 99% used [0x0000000080000000,0x0000000095394060,0x0000000095400000)
 Metaspace       used 61548K, committed 63040K, reserved 1114112K
  class space    used 6448K, committed 7104K, reserved 1048576K
}
Event: 8.088 GC heap before
{Heap before GC invocations=253 (full 3):
 PSYoungGen      total 15872K, used 15553K [0x00000000d5580000, 0x00000000d6980000, 0x0000000100000000)
  eden space 11264K, 99% used [0x00000000d5580000,0x00000000d606e968,0x00000000d6080000)
  from space 4608K, 94% used [0x00000000d6100000,0x00000000d6541e30,0x00000000d6580000)
  to   space 4096K, 0% used [0x00000000d6580000,0x00000000d6580000,0x00000000d6980000)
 ParOldGen       total 348160K, used 347728K [0x0000000080000000, 0x0000000095400000, 0x00000000d5580000)
  object space 348160K, 99% used [0x0000000080000000,0x0000000095394060,0x0000000095400000)
 Metaspace       used 61596K, committed 63040K, reserved 1114112K
  class space    used 6448K, committed 7104K, reserved 1048576K
}
Event: 8.091 GC heap after
{Heap after GC invocations=253 (full 3):
 PSYoungGen      total 14848K, used 3562K [0x00000000d5580000, 0x00000000d6900000, 0x0000000100000000)
  eden space 11264K, 0% used [0x00000000d5580000,0x00000000d5580000,0x00000000d6080000)
  from space 3584K, 99% used [0x00000000d6580000,0x00000000d68fa800,0x00000000d6900000)
  to   space 4096K, 0% used [0x00000000d6100000,0x00000000d6100000,0x00000000d6500000)
 ParOldGen       total 352256K, used 351839K [0x0000000080000000, 0x0000000095800000, 0x00000000d5580000)
  object space 352256K, 99% used [0x0000000080000000,0x0000000095797e88,0x0000000095800000)
 Metaspace       used 61596K, committed 63040K, reserved 1114112K
  class space    used 6448K, committed 7104K, reserved 1048576K
}
Event: 8.170 GC heap before
{Heap before GC invocations=254 (full 3):
 PSYoungGen      total 14848K, used 14826K [0x00000000d5580000, 0x00000000d6900000, 0x0000000100000000)
  eden space 11264K, 100% used [0x00000000d5580000,0x00000000d6080000,0x00000000d6080000)
  from space 3584K, 99% used [0x00000000d6580000,0x00000000d68fa800,0x00000000d6900000)
  to   space 4096K, 0% used [0x00000000d6100000,0x00000000d6100000,0x00000000d6500000)
 ParOldGen       total 352256K, used 351839K [0x0000000080000000, 0x0000000095800000, 0x00000000d5580000)
  object space 352256K, 99% used [0x0000000080000000,0x0000000095797e88,0x0000000095800000)
 Metaspace       used 61643K, committed 63168K, reserved 1114112K
  class space    used 6448K, committed 7104K, reserved 1048576K
}
Event: 8.175 GC heap after
{Heap after GC invocations=254 (full 3):
 PSYoungGen      total 15360K, used 4089K [0x00000000d5580000, 0x00000000d7680000, 0x0000000100000000)
  eden space 11264K, 0% used [0x00000000d5580000,0x00000000d5580000,0x00000000d6080000)
  from space 4096K, 99% used [0x00000000d6100000,0x00000000d64fe4e8,0x00000000d6500000)
  to   space 11264K, 0% used [0x00000000d6b80000,0x00000000d6b80000,0x00000000d7680000)
 ParOldGen       total 357888K, used 357588K [0x0000000080000000, 0x0000000095d80000, 0x00000000d5580000)
  object space 357888K, 99% used [0x0000000080000000,0x0000000095d350e0,0x0000000095d80000)
 Metaspace       used 61643K, committed 63168K, reserved 1114112K
  class space    used 6448K, committed 7104K, reserved 1048576K
}
Event: 8.254 GC heap before
{Heap before GC invocations=255 (full 3):
 PSYoungGen      total 15360K, used 14981K [0x00000000d5580000, 0x00000000d7680000, 0x0000000100000000)
  eden space 11264K, 96% used [0x00000000d5580000,0x00000000d6023238,0x00000000d6080000)
  from space 4096K, 99% used [0x00000000d6100000,0x00000000d64fe4e8,0x00000000d6500000)
  to   space 11264K, 0% used [0x00000000d6b80000,0x00000000d6b80000,0x00000000d7680000)
 ParOldGen       total 357888K, used 357588K [0x0000000080000000, 0x0000000095d80000, 0x00000000d5580000)
  object space 357888K, 99% used [0x0000000080000000,0x0000000095d350e0,0x0000000095d80000)
 Metaspace       used 61750K, committed 63232K, reserved 1114112K
  class space    used 6448K, committed 7104K, reserved 1048576K
}
Event: 8.260 GC heap after
{Heap after GC invocations=255 (full 3):
 PSYoungGen      total 18432K, used 6818K [0x00000000d5580000, 0x00000000d7280000, 0x0000000100000000)
  eden space 11264K, 0% used [0x00000000d5580000,0x00000000d5580000,0x00000000d6080000)
  from space 7168K, 95% used [0x00000000d6b80000,0x00000000d7228928,0x00000000d7280000)
  to   space 8192K, 0% used [0x00000000d6280000,0x00000000d6280000,0x00000000d6a80000)
 ParOldGen       total 361984K, used 361713K [0x0000000080000000, 0x0000000096180000, 0x00000000d5580000)
  object space 361984K, 99% used [0x0000000080000000,0x000000009613c508,0x0000000096180000)
 Metaspace       used 61750K, committed 63232K, reserved 1114112K
  class space    used 6448K, committed 7104K, reserved 1048576K
}

