# JRE version: OpenJDK Runtime Environment Temurin-21.0.10+7 (21.0.10+7) (build 21.0.10+7-LTS)
# Java VM: OpenJDK 64-Bit Server VM Temurin-21.0.10+7 (21.0.10+7-LTS, mixed mode, sharing, tiered, compressed oops, compressed class ptrs, parallel gc, windows-amd64)
GC Precious Log:
 CardTable entry size: 512
 CPUs: 12 total, 12 available
 Memory: 7518M
 Large Page Support: Disabled
 NUMA Support: Disabled
 Compressed Oops: Enabled (32-bit)
 Alignments: Space 512K, Generation 512K, Heap 2M
 Heap Min Capacity: 100M
 Heap Initial Capacity: 100M
 Heap Max Capacity: 2G
 Pre-touch: Disabled
 Parallel Workers: 10
Heap:
 PSYoungGen      total 6656K, used 6391K [0x00000000d5580000, 0x00000000d5d80000, 0x0000000100000000)
  eden space 5120K, 100% used [0x00000000d5580000,0x00000000d5a80000,0x00000000d5a80000)
  from space 1536K, 82% used [0x00000000d5c00000,0x00000000d5d3dd20,0x00000000d5d80000)
  to   space 1536K, 74% used [0x00000000d5a80000,0x00000000d5b9da90,0x00000000d5c00000)
 ParOldGen       total 245760K, used 219244K [0x0000000080000000, 0x000000008f000000, 0x00000000d5580000)
  object space 245760K, 89% used [0x0000000080000000,0x000000008d61b2a0,0x000000008f000000)
 Metaspace       used 58513K, committed 59968K, reserved 1114112K
  class space    used 6254K, committed 6912K, reserved 1048576K
GC Heap History (20 events):
Event: 6.891 GC heap before
{Heap before GC invocations=200 (full 2):
 PSYoungGen      total 6656K, used 6450K [0x00000000d5580000, 0x00000000d5d80000, 0x0000000100000000)
  eden space 5120K, 100% used [0x00000000d5580000,0x00000000d5a80000,0x00000000d5a80000)
  from space 1536K, 86% used [0x00000000d5a80000,0x00000000d5bccad0,0x00000000d5c00000)
  to   space 1536K, 0% used [0x00000000d5c00000,0x00000000d5c00000,0x00000000d5d80000)
 ParOldGen       total 240128K, used 240120K [0x0000000080000000, 0x000000008ea80000, 0x00000000d5580000)
  object space 240128K, 99% used [0x0000000080000000,0x000000008ea7e188,0x000000008ea80000)
 Metaspace       used 58236K, committed 59648K, reserved 1114112K
  class space    used 6230K, committed 6848K, reserved 1048576K
}
Event: 6.893 GC heap after
{Heap after GC invocations=200 (full 2):
 PSYoungGen      total 6656K, used 1488K [0x00000000d5580000, 0x00000000d5d80000, 0x0000000100000000)
  eden space 5120K, 0% used [0x00000000d5580000,0x00000000d5580000,0x00000000d5a80000)
  from space 1536K, 96% used [0x00000000d5c00000,0x00000000d5d74010,0x00000000d5d80000)
  to   space 1536K, 0% used [0x00000000d5a80000,0x00000000d5a80000,0x00000000d5c00000)
 ParOldGen       total 241664K, used 241223K [0x0000000080000000, 0x000000008ec00000, 0x00000000d5580000)
  object space 241664K, 99% used [0x0000000080000000,0x000000008eb91eb0,0x000000008ec00000)
 Metaspace       used 58236K, committed 59648K, reserved 1114112K
  class space    used 6230K, committed 6848K, reserved 1048576K
}
Event: 6.900 GC heap before
{Heap before GC invocations=201 (full 2):
 PSYoungGen      total 6656K, used 6608K [0x00000000d5580000, 0x00000000d5d80000, 0x0000000100000000)
  eden space 5120K, 100% used [0x00000000d5580000,0x00000000d5a80000,0x00000000d5a80000)
  from space 1536K, 96% used [0x00000000d5c00000,0x00000000d5d74010,0x00000000d5d80000)
  to   space 1536K, 0% used [0x00000000d5a80000,0x00000000d5a80000,0x00000000d5c00000)
 ParOldGen       total 241664K, used 241223K [0x0000000080000000, 0x000000008ec00000, 0x00000000d5580000)
  object space 241664K, 99% used [0x0000000080000000,0x000000008eb91eb0,0x000000008ec00000)
 Metaspace       used 58275K, committed 59648K, reserved 1114112K
  class space    used 6242K, committed 6848K, reserved 1048576K
}
Event: 6.901 GC heap after
{Heap after GC invocations=201 (full 2):
 PSYoungGen      total 6656K, used 1152K [0x00000000d5580000, 0x00000000d5d80000, 0x0000000100000000)
  eden space 5120K, 0% used [0x00000000d5580000,0x00000000d5580000,0x00000000d5a80000)
  from space 1536K, 75% used [0x00000000d5a80000,0x00000000d5ba0000,0x00000000d5c00000)
  to   space 1536K, 0% used [0x00000000d5c00000,0x00000000d5c00000,0x00000000d5d80000)
 ParOldGen       total 242688K, used 242641K [0x0000000080000000, 0x000000008ed00000, 0x00000000d5580000)
  object space 242688K, 99% used [0x0000000080000000,0x000000008ecf44a0,0x000000008ed00000)
 Metaspace       used 58275K, committed 59648K, reserved 1114112K
  class space    used 6242K, committed 6848K, reserved 1048576K
}
Event: 6.909 GC heap before
{Heap before GC invocations=202 (full 2):
 PSYoungGen      total 6656K, used 6272K [0x00000000d5580000, 0x00000000d5d80000, 0x0000000100000000)
  eden space 5120K, 100% used [0x00000000d5580000,0x00000000d5a80000,0x00000000d5a80000)
  from space 1536K, 75% used [0x00000000d5a80000,0x00000000d5ba0000,0x00000000d5c00000)
  to   space 1536K, 0% used [0x00000000d5c00000,0x00000000d5c00000,0x00000000d5d80000)
 ParOldGen       total 242688K, used 242641K [0x0000000080000000, 0x000000008ed00000, 0x00000000d5580000)
  object space 242688K, 99% used [0x0000000080000000,0x000000008ecf44a0,0x000000008ed00000)
 Metaspace       used 58288K, committed 59712K, reserved 1114112K
  class space    used 6244K, committed 6848K, reserved 1048576K
}
Event: 6.911 GC heap after
{Heap after GC invocations=202 (full 2):
 PSYoungGen      total 6656K, used 1145K [0x00000000d5580000, 0x00000000d5d80000, 0x0000000100000000)
  eden space 5120K, 0% used [0x00000000d5580000,0x00000000d5580000,0x00000000d5a80000)
  from space 1536K, 74% used [0x00000000d5c00000,0x00000000d5d1e7c0,0x00000000d5d80000)
  to   space 1536K, 0% used [0x00000000d5a80000,0x00000000d5a80000,0x00000000d5c00000)
 ParOldGen       total 243712K, used 243659K [0x0000000080000000, 0x000000008ee00000, 0x00000000d5580000)
  object space 243712K, 99% used [0x0000000080000000,0x000000008edf2e48,0x000000008ee00000)
 Metaspace       used 58288K, committed 59712K, reserved 1114112K
  class space    used 6244K, committed 6848K, reserved 1048576K
}
Event: 6.917 GC heap before
{Heap before GC invocations=203 (full 2):
 PSYoungGen      total 6656K, used 6265K [0x00000000d5580000, 0x00000000d5d80000, 0x0000000100000000)
  eden space 5120K, 100% used [0x00000000d5580000,0x00000000d5a80000,0x00000000d5a80000)
  from space 1536K, 74% used [0x00000000d5c00000,0x00000000d5d1e7c0,0x00000000d5d80000)
  to   space 1536K, 0% used [0x00000000d5a80000,0x00000000d5a80000,0x00000000d5c00000)
 ParOldGen       total 243712K, used 243659K [0x0000000080000000, 0x000000008ee00000, 0x00000000d5580000)
  object space 243712K, 99% used [0x0000000080000000,0x000000008edf2e48,0x000000008ee00000)
 Metaspace       used 58294K, committed 59712K, reserved 1114112K
  class space    used 6244K, committed 6848K, reserved 1048576K
}
Event: 6.918 GC heap after
{Heap after GC invocations=203 (full 2):
 PSYoungGen      total 6656K, used 1152K [0x00000000d5580000, 0x00000000d5d80000, 0x0000000100000000)
  eden space 5120K, 0% used [0x00000000d5580000,0x00000000d5580000,0x00000000d5a80000)
  from space 1536K, 75% used [0x00000000d5a80000,0x00000000d5ba0000,0x00000000d5c00000)
  to   space 1536K, 0% used [0x00000000d5c00000,0x00000000d5c00000,0x00000000d5d80000)
 ParOldGen       total 244736K, used 244680K [0x0000000080000000, 0x000000008ef00000, 0x00000000d5580000)
  object space 244736K, 99% used [0x0000000080000000,0x000000008eef21c8,0x000000008ef00000)
 Metaspace       used 58294K, committed 59712K, reserved 1114112K
  class space    used 6244K, committed 6848K, reserved 1048576K
}
Event: 6.925 GC heap before
{Heap before GC invocations=204 (full 2):
 PSYoungGen      total 6656K, used 6115K [0x00000000d5580000, 0x00000000d5d80000, 0x0000000100000000)
  eden space 5120K, 96% used [0x00000000d5580000,0x00000000d5a58e58,0x00000000d5a80000)
  from space 1536K, 75% used [0x00000000d5a80000,0x00000000d5ba0000,0x00000000d5c00000)
  to   space 1536K, 0% used [0x00000000d5c00000,0x00000000d5c00000,0x00000000d5d80000)
 ParOldGen       total 244736K, used 244680K [0x0000000080000000, 0x000000008ef00000, 0x00000000d5580000)
  object space 244736K, 99% used [0x0000000080000000,0x000000008eef21c8,0x000000008ef00000)
 Metaspace       used 58334K, committed 59776K, reserved 1114112K
  class space    used 6247K, committed 6912K, reserved 1048576K
}
Event: 6.927 GC heap after
{Heap after GC invocations=204 (full 2):
 PSYoungGen      total 6656K, used 1192K [0x00000000d5580000, 0x00000000d5d80000, 0x0000000100000000)
  eden space 5120K, 0% used [0x00000000d5580000,0x00000000d5580000,0x00000000d5a80000)
  from space 1536K, 77% used [0x00000000d5c00000,0x00000000d5d2a098,0x00000000d5d80000)
  to   space 1536K, 0% used [0x00000000d5a80000,0x00000000d5a80000,0x00000000d5c00000)
 ParOldGen       total 245760K, used 245706K [0x0000000080000000, 0x000000008f000000, 0x00000000d5580000)
  object space 245760K, 99% used [0x0000000080000000,0x000000008eff2898,0x000000008f000000)
 Metaspace       used 58334K, committed 59776K, reserved 1114112K
  class space    used 6247K, committed 6912K, reserved 1048576K
}
Event: 6.927 GC heap before
{Heap before GC invocations=205 (full 3):
 PSYoungGen      total 6656K, used 1192K [0x00000000d5580000, 0x00000000d5d80000, 0x0000000100000000)
  eden space 5120K, 0% used [0x00000000d5580000,0x00000000d5580000,0x00000000d5a80000)
  from space 1536K, 77% used [0x00000000d5c00000,0x00000000d5d2a098,0x00000000d5d80000)
  to   space 1536K, 0% used [0x00000000d5a80000,0x00000000d5a80000,0x00000000d5c00000)
 ParOldGen       total 245760K, used 245706K [0x0000000080000000, 0x000000008f000000, 0x00000000d5580000)
  object space 245760K, 99% used [0x0000000080000000,0x000000008eff2898,0x000000008f000000)
 Metaspace       used 58334K, committed 59776K, reserved 1114112K
  class space    used 6247K, committed 6912K, reserved 1048576K
}
Event: 7.063 GC heap after
{Heap after GC invocations=205 (full 3):
 PSYoungGen      total 6656K, used 0K [0x00000000d5580000, 0x00000000d5d80000, 0x0000000100000000)
  eden space 5120K, 0% used [0x00000000d5580000,0x00000000d5580000,0x00000000d5a80000)
  from space 1536K, 0% used [0x00000000d5c00000,0x00000000d5c00000,0x00000000d5d80000)
  to   space 1536K, 0% used [0x00000000d5a80000,0x00000000d5a80000,0x00000000d5c00000)
 ParOldGen       total 245760K, used 212984K [0x0000000080000000, 0x000000008f000000, 0x00000000d5580000)
  object space 245760K, 86% used [0x0000000080000000,0x000000008cffe2f8,0x000000008f000000)
 Metaspace       used 58334K, committed 59776K, reserved 1114112K
  class space    used 6247K, committed 6912K, reserved 1048576K
}
Event: 7.074 GC heap before
{Heap before GC invocations=206 (full 3):
 PSYoungGen      total 6656K, used 5120K [0x00000000d5580000, 0x00000000d5d80000, 0x0000000100000000)
  eden space 5120K, 100% used [0x00000000d5580000,0x00000000d5a80000,0x00000000d5a80000)
  from space 1536K, 0% used [0x00000000d5c00000,0x00000000d5c00000,0x00000000d5d80000)
  to   space 1536K, 0% used [0x00000000d5a80000,0x00000000d5a80000,0x00000000d5c00000)
 ParOldGen       total 245760K, used 212984K [0x0000000080000000, 0x000000008f000000, 0x00000000d5580000)
  object space 245760K, 86% used [0x0000000080000000,0x000000008cffe2f8,0x000000008f000000)
 Metaspace       used 58351K, committed 59840K, reserved 1114112K
  class space    used 6248K, committed 6912K, reserved 1048576K
}
Event: 7.075 GC heap after
{Heap after GC invocations=206 (full 3):
 PSYoungGen      total 6656K, used 1169K [0x00000000d5580000, 0x00000000d5d80000, 0x0000000100000000)
  eden space 5120K, 0% used [0x00000000d5580000,0x00000000d5580000,0x00000000d5a80000)
  from space 1536K, 76% used [0x00000000d5a80000,0x00000000d5ba46a0,0x00000000d5c00000)
  to   space 1536K, 0% used [0x00000000d5c00000,0x00000000d5c00000,0x00000000d5d80000)
 ParOldGen       total 245760K, used 212984K [0x0000000080000000, 0x000000008f000000, 0x00000000d5580000)
  object space 245760K, 86% used [0x0000000080000000,0x000000008cffe2f8,0x000000008f000000)
 Metaspace       used 58351K, committed 59840K, reserved 1114112K
  class space    used 6248K, committed 6912K, reserved 1048576K
}
Event: 7.092 GC heap before
{Heap before GC invocations=207 (full 3):
 PSYoungGen      total 6656K, used 6289K [0x00000000d5580000, 0x00000000d5d80000, 0x0000000100000000)
  eden space 5120K, 100% used [0x00000000d5580000,0x00000000d5a80000,0x00000000d5a80000)
  from space 1536K, 76% used [0x00000000d5a80000,0x00000000d5ba46a0,0x00000000d5c00000)
  to   space 1536K, 0% used [0x00000000d5c00000,0x00000000d5c00000,0x00000000d5d80000)
 ParOldGen       total 245760K, used 212984K [0x0000000080000000, 0x000000008f000000, 0x00000000d5580000)
  object space 245760K, 86% used [0x0000000080000000,0x000000008cffe2f8,0x000000008f000000)
 Metaspace       used 58390K, committed 59840K, reserved 1114112K
  class space    used 6250K, committed 6912K, reserved 1048576K
}
Event: 7.093 GC heap after
{Heap after GC invocations=207 (full 3):
 PSYoungGen      total 6656K, used 1143K [0x00000000d5580000, 0x00000000d5d80000, 0x0000000100000000)
  eden space 5120K, 0% used [0x00000000d5580000,0x00000000d5580000,0x00000000d5a80000)
  from space 1536K, 74% used [0x00000000d5c00000,0x00000000d5d1df50,0x00000000d5d80000)
  to   space 1536K, 0% used [0x00000000d5a80000,0x00000000d5a80000,0x00000000d5c00000)
 ParOldGen       total 245760K, used 214029K [0x0000000080000000, 0x000000008f000000, 0x00000000d5580000)
  object space 245760K, 87% used [0x0000000080000000,0x000000008d1037f0,0x000000008f000000)
 Metaspace       used 58390K, committed 59840K, reserved 1114112K
  class space    used 6250K, committed 6912K, reserved 1048576K
}
Event: 7.104 GC heap before
{Heap before GC invocations=208 (full 3):
 PSYoungGen      total 6656K, used 6263K [0x00000000d5580000, 0x00000000d5d80000, 0x0000000100000000)
  eden space 5120K, 100% used [0x00000000d5580000,0x00000000d5a80000,0x00000000d5a80000)
  from space 1536K, 74% used [0x00000000d5c00000,0x00000000d5d1df50,0x00000000d5d80000)
  to   space 1536K, 0% used [0x00000000d5a80000,0x00000000d5a80000,0x00000000d5c00000)
 ParOldGen       total 245760K, used 214029K [0x0000000080000000, 0x000000008f000000, 0x00000000d5580000)
  object space 245760K, 87% used [0x0000000080000000,0x000000008d1037f0,0x000000008f000000)
 Metaspace       used 58411K, committed 59904K, reserved 1114112K
  class space    used 6251K, committed 6912K, reserved 1048576K
}
Event: 7.107 GC heap after
{Heap after GC invocations=208 (full 3):
 PSYoungGen      total 6656K, used 1105K [0x00000000d5580000, 0x00000000d5d80000, 0x0000000100000000)
  eden space 5120K, 0% used [0x00000000d5580000,0x00000000d5580000,0x00000000d5a80000)
  from space 1536K, 71% used [0x00000000d5a80000,0x00000000d5b944e8,0x00000000d5c00000)
  to   space 1536K, 0% used [0x00000000d5c00000,0x00000000d5c00000,0x00000000d5d80000)
 ParOldGen       total 245760K, used 215069K [0x0000000080000000, 0x000000008f000000, 0x00000000d5580000)
  object space 245760K, 87% used [0x0000000080000000,0x000000008d207610,0x000000008f000000)
 Metaspace       used 58411K, committed 59904K, reserved 1114112K
  class space    used 6251K, committed 6912K, reserved 1048576K
}
Event: 7.120 GC heap before
{Heap before GC invocations=209 (full 3):
 PSYoungGen      total 6656K, used 6225K [0x00000000d5580000, 0x00000000d5d80000, 0x0000000100000000)
  eden space 5120K, 100% used [0x00000000d5580000,0x00000000d5a80000,0x00000000d5a80000)
  from space 1536K, 71% used [0x00000000d5a80000,0x00000000d5b944e8,0x00000000d5c00000)
  to   space 1536K, 0% used [0x00000000d5c00000,0x00000000d5c00000,0x00000000d5d80000)
 ParOldGen       total 245760K, used 215069K [0x0000000080000000, 0x000000008f000000, 0x00000000d5580000)
  object space 245760K, 87% used [0x0000000080000000,0x000000008d207610,0x000000008f000000)
 Metaspace       used 58427K, committed 59904K, reserved 1114112K
  class space    used 6252K, committed 6912K, reserved 1048576K
}
Event: 7.121 GC heap after
{Heap after GC invocations=209 (full 3):
 PSYoungGen      total 6656K, used 1136K [0x00000000d5580000, 0x00000000d5d80000, 0x0000000100000000)
  eden space 5120K, 0% used [0x00000000d5580000,0x00000000d5580000,0x00000000d5a80000)
  from space 1536K, 74% used [0x00000000d5c00000,0x00000000d5d1c3c8,0x00000000d5d80000)
  to   space 1536K, 0% used [0x00000000d5a80000,0x00000000d5a80000,0x00000000d5c00000)
 ParOldGen       total 245760K, used 216040K [0x0000000080000000, 0x000000008f000000, 0x00000000d5580000)
  object space 245760K, 87% used [0x0000000080000000,0x000000008d2fa100,0x000000008f000000)
 Metaspace       used 58427K, committed 59904K, reserved 1114112K
  class space    used 6252K, committed 6912K, reserved 1048576K
}

